<?xml version="1.0" encoding="UTF-8"?>
<!-- Generated by org.testng.reporters.JUnitXMLReporter -->
<testsuite hostname="SantoshSrinivas-15MBP-0401.local" ignored="0" name="/Users/santoshsrinivas/Documents/DemoProject1/src/test/java/com/test" tests="3" failures="2" timestamp="2020-04-25T17:19:12 IST" time="15.756" errors="0">
  <testcase name="fbTitle" time="0.011" classname="com.test.FBTest"/>
  <testcase name="fbTitle1" time="0.008" classname="com.test.FBTest">
    <failure type="java.lang.AssertionError" message="expected [Facebook – log in or sign up1] but found [Facebook – log in or sign up]">
      <![CDATA[java.lang.AssertionError: expected [Facebook – log in or sign up1] but found [Facebook – log in or sign up]
at com.test.FBTest.fbTitle1(FBTest.java:35)
at java.util.ArrayList.forEach(ArrayList.java:1257)
... Removed 31 stack frames]]>
    </failure>
  </testcase> <!-- fbTitle1 -->
  <testcase name="fbTitle2" time="0.007" classname="com.test.FBTest">
    <failure type="java.lang.AssertionError" message="expected [Facebook – log in or sign up2    ] but found [Facebook – log in or sign up]">
      <![CDATA[java.lang.AssertionError: expected [Facebook – log in or sign up2    ] but found [Facebook – log in or sign up]
at com.test.FBTest.fbTitle2(FBTest.java:43)
at java.util.ArrayList.forEach(ArrayList.java:1257)
... Removed 31 stack frames]]>
    </failure>
  </testcase> <!-- fbTitle2 -->
</testsuite> <!-- /Users/santoshsrinivas/Documents/DemoProject1/src/test/java/com/test -->
