<?xml version="1.0" encoding="UTF-8"?>
<testng-results skipped="0" failed="0" ignored="0" total="1" passed="1">
  <reporter-output>
  </reporter-output>
  <suite name="Default Suite" duration-ms="9727" started-at="2020-04-28T21:43:42 IST" finished-at="2020-04-28T21:43:52 IST">
    <groups>
    </groups>
    <test name="DemoProject1" duration-ms="9727" started-at="2020-04-28T21:43:42 IST" finished-at="2020-04-28T21:43:52 IST">
      <class name="PageTest">
        <test-method status="PASS" signature="setup()[pri:0, instance:PageTest@28d25987]" name="setup" is-config="true" duration-ms="3753" started-at="2020-04-28T21:43:42 IST" finished-at="2020-04-28T21:43:46 IST">
          <reporter-output>
          </reporter-output>
        </test-method> <!-- setup -->
        <test-method status="PASS" signature="test1()[pri:0, instance:PageTest@28d25987]" name="test1" duration-ms="5765" started-at="2020-04-28T21:43:46 IST" finished-at="2020-04-28T21:43:52 IST">
          <reporter-output>
          </reporter-output>
        </test-method> <!-- test1 -->
        <test-method status="PASS" signature="tearDown()[pri:0, instance:PageTest@28d25987]" name="tearDown" is-config="true" duration-ms="162" started-at="2020-04-28T21:43:52 IST" finished-at="2020-04-28T21:43:52 IST">
          <reporter-output>
          </reporter-output>
        </test-method> <!-- tearDown -->
      </class> <!-- PageTest -->
    </test> <!-- DemoProject1 -->
  </suite> <!-- Default Suite -->
</testng-results>
